Determining if the pthread_create exist failed with the following output:
Change Dir: /home/diva2/diva2/build/CMakeFiles/CMakeTmp

Run Build Command:"/usr/bin/make" "cmTC_36c13/fast"
/usr/bin/make -f CMakeFiles/cmTC_36c13.dir/build.make CMakeFiles/cmTC_36c13.dir/build
make[1]: 디렉터리 '/home/diva2/diva2/build/CMakeFiles/CMakeTmp' 들어감
Building C object CMakeFiles/cmTC_36c13.dir/CheckSymbolExists.c.o
/usr/bin/gcc-7    -o CMakeFiles/cmTC_36c13.dir/CheckSymbolExists.c.o   -c /home/diva2/diva2/build/CMakeFiles/CMakeTmp/CheckSymbolExists.c
Linking C executable cmTC_36c13
/usr/bin/cmake -E cmake_link_script CMakeFiles/cmTC_36c13.dir/link.txt --verbose=1
/usr/bin/gcc-7      CMakeFiles/cmTC_36c13.dir/CheckSymbolExists.c.o  -o cmTC_36c13 
CMakeFiles/cmTC_36c13.dir/CheckSymbolExists.c.o: In function `main':
CheckSymbolExists.c:(.text+0x1b): undefined reference to `pthread_create'
collect2: error: ld returned 1 exit status
CMakeFiles/cmTC_36c13.dir/build.make:97: recipe for target 'cmTC_36c13' failed
make[1]: *** [cmTC_36c13] Error 1
make[1]: 디렉터리 '/home/diva2/diva2/build/CMakeFiles/CMakeTmp' 나감
Makefile:126: recipe for target 'cmTC_36c13/fast' failed
make: *** [cmTC_36c13/fast] Error 2

File /home/diva2/diva2/build/CMakeFiles/CMakeTmp/CheckSymbolExists.c:
/* */
#include <pthread.h>

int main(int argc, char** argv)
{
  (void)argv;
#ifndef pthread_create
  return ((int*)(&pthread_create))[argc];
#else
  (void)argc;
  return 0;
#endif
}

Determining if the function pthread_create exists in the pthreads failed with the following output:
Change Dir: /home/diva2/diva2/build/CMakeFiles/CMakeTmp

Run Build Command:"/usr/bin/make" "cmTC_9630b/fast"
/usr/bin/make -f CMakeFiles/cmTC_9630b.dir/build.make CMakeFiles/cmTC_9630b.dir/build
make[1]: 디렉터리 '/home/diva2/diva2/build/CMakeFiles/CMakeTmp' 들어감
Building C object CMakeFiles/cmTC_9630b.dir/CheckFunctionExists.c.o
/usr/bin/gcc-7   -DCHECK_FUNCTION_EXISTS=pthread_create   -o CMakeFiles/cmTC_9630b.dir/CheckFunctionExists.c.o   -c /usr/share/cmake-3.10/Modules/CheckFunctionExists.c
Linking C executable cmTC_9630b
/usr/bin/cmake -E cmake_link_script CMakeFiles/cmTC_9630b.dir/link.txt --verbose=1
/usr/bin/gcc-7  -DCHECK_FUNCTION_EXISTS=pthread_create    CMakeFiles/cmTC_9630b.dir/CheckFunctionExists.c.o  -o cmTC_9630b -lpthreads 
/usr/bin/ld: cannot find -lpthreads
collect2: error: ld returned 1 exit status
CMakeFiles/cmTC_9630b.dir/build.make:97: recipe for target 'cmTC_9630b' failed
make[1]: *** [cmTC_9630b] Error 1
make[1]: 디렉터리 '/home/diva2/diva2/build/CMakeFiles/CMakeTmp' 나감
Makefile:126: recipe for target 'cmTC_9630b/fast' failed
make: *** [cmTC_9630b/fast] Error 2


